Arguments: 
  /usr/local/bin/node /usr/local/bin/yarn

PATH: 
  /Users/zhuangjunlin/.cargo/bin:/usr/local/bin:/usr/bin:/bin:/usr/sbin:/sbin

Yarn version: 
  1.22.17

Node version: 
  14.18.1

Platform: 
  darwin x64

Trace: 
  Error: http://hnpm.hupu.io/debug: ETIMEDOUT
      at Timeout._onTimeout (/usr/local/lib/node_modules/yarn/lib/cli.js:141543:19)
      at listOnTimeout (internal/timers.js:557:17)
      at processTimers (internal/timers.js:500:7)

npm manifest: 
  {
    "name": "it-community-server",
    "version": "1.0.0",
    "description": "",
    "scripts": {
      "start": "npm run build && sudo DEBUG=* node ./dist/bin/www.js",
      "build": "tsc && npm run cp-static-files",
      "clean": "rm -rf ./dist/",
      "dev": "sudo nodemon --inspect --watch 'src/**/*' -e ts,tsx --exec 'node -r ts-node/register' ./src/bin/www.ts",
      "dev2": "sudo tsc -w ./src/bin/www.ts",
      "cp-static-files": "cp -r ./src/public ./dist && cp -r ./src/views ./dist"
    },
    "author": "",
    "license": "",
    "dependencies": {
      "debug": "^4.1.1",
      "desm": "^1.2.0",
      "faux-sql": "^0.2.0",
      "koa": "^2.7.0",
      "koa-bodyparser": "^4.2.1",
      "koa-json": "^2.0.2",
      "koa-onerror": "^4.1.0",
      "koa-router": "^7.4.0",
      "koa-static": "^5.0.0",
      "koa-views": "^6.2.0",
      "pug": "*"
    },
    "devDependencies": {
      "@types/debug": "^4.1.3",
      "@types/koa": "^2.0.48",
      "@types/koa-bodyparser": "^4.2.2",
      "@types/koa-json": "^2.0.18",
      "@types/koa-router": "^7.0.40",
      "@types/koa-static": "^4.0.1",
      "@types/koa-views": "^2.0.3",
      "@types/node": "^11.13.0",
      "@types/pug": "*",
      "nodemon": "^1.18.10",
      "ts-node": "^8.0.3",
      "typescript": "^4.7.0-dev.20220303"
    }
  }

yarn manifest: 
  No manifest

Lockfile: 
  No lockfile
